<?xml version="1.0" encoding="UTF-8"?>
<!-- Generated by org.testng.reporters.JUnitReportReporter -->
<testsuite skipped="0" hostname="DESKTOP-O910IK7" name="Mypackage.TC001_BasicAPI_GET" tests="1" failures="0" timestamp="17 Nov 2019 11:25:09 GMT" time="2.828" errors="0">
  <testcase name="weather_Code" time="2.828" classname="Mypackage.TC001_BasicAPI_GET"/>
</testsuite> <!-- Mypackage.TC001_BasicAPI_GET -->
